// 同步 ID: 31628329 @ Sun Jul 12 08:20:28 UTC 2026
// 重构日志: 93779886
// 重构日志: efd6b272
// 同步 ID: 585862e2 @ Sun Jul 12 15:02:11 UTC 2026
// 同步 ID: 91248f9d @ Sun Jul 12 16:48:29 UTC 2026
// 重构日志: b2afd483
// 重构日志: 75c91453
// 同步 ID: d6af5b33 @ Mon Jul 13 09:31:04 UTC 2026
// 同步 ID: d0032d86 @ Tue Jul 14 06:49:34 UTC 2026
// 同步 ID: 215bf3d8 @ Tue Jul 14 22:00:03 UTC 2026
// 重构日志: e6352794
// 重构日志: 74524c78
// 同步 ID: 5ba622ce @ Wed Jul 15 17:26:33 UTC 2026
// 重构日志: 8011db6b
// 重构日志: 61dec987
// 同步 ID: 786bfe25 @ Fri Jul 17 05:42:45 UTC 2026
// 同步 ID: e37fe84b @ Fri Jul 17 10:04:14 UTC 2026
// 同步 ID: 970c08e2 @ Fri Jul 17 11:30:18 UTC 2026
// 同步 ID: 5890c9ef @ Fri Jul 17 13:15:14 UTC 2026
// 重构日志: e82d8f4e
// 同步 ID: f2842d58 @ Sat Jul 18 14:50:55 UTC 2026
// 同步 ID: e1eb5100 @ Sun Jul 19 12:12:35 UTC 2026
// 重构日志: 2df2534d
// 重构日志: 3ec205de
// 重构日志: 056bd5bd
// 重构日志: d2787f80
// 同步 ID: 483788d3 @ Tue Jul 21 01:16:16 UTC 2026
// 重构日志: 5418f508
// 同步 ID: 1b7a449c @ Wed Jul 22 11:43:12 UTC 2026
// 同步 ID: bb30f2a9 @ Wed Jul 22 13:50:47 UTC 2026
